
/****************************************************************************************
 * 配置服务的路劲规则：
 *
 * /{application}/{profile}[/{label}]
 * /{application}-{profile}.yml
 * /{label}/{application}-{profile}.yml
 * /{application}-{profile}.properties
 * /{label}/{application}-{profile}.properties
 ****************************************************************************************/






/****************************************************************************************
 一、配置服务客户端Client应用入口（链接经过认证的配置服务端）：

 1、注解：pom.xml 先添加 configclient 的引用模；
 2、编辑 bootstrap.yml 文件，注意注释 profile 属性，然后添加相关客户端配置；
        spring:
            cloud:
                config:
                    uri: http://admin:admin@localhost:8275  # 链接 springms-config-server-authc 微服务
                    profile: dev  # 选择 dev 配置文件
                    label: master #当 ConfigServer 的后端存储的是 Git 的时候，默认就是 master

            application:
                name: foobar  #取 foobar-dev.yml 这个文件的 application 名字，即为 foobar 名称
 3、启动 springms-config-server-authc 模块服务，启动1个端口；
 4、启动 springms-config-client-authc 模块服务，启动1个端口；

 5、在浏览器输入地址 http://localhost:8280/profile 正常情况下会输出配置文件的内容（内容为：foobar-dev）；

 总结：正常打印，说明配置服务客户端已经通过帐号、密码登录了远程的配置服务端成功了；
 ****************************************************************************************/






/****************************************************************************************
 二、配置服务客户端Client应用入口（链接经过认证的配置服务端, username、password 属性字段的优先级高于 uri 的优先级）：

 1、注解：pom.xml 先添加 configclient 的引用模；
 2、编辑 bootstrap.yml 文件，注意注释 profile 属性，然后添加相关客户端配置；
        spring:
            cloud:
                config:
                    uri: http://localhost:8275  # 链接 springms-config-server-authc 微服务
                    username: admin
                    password: admin
                    profile: dev  # 选择 dev 配置文件
                    label: master #当 ConfigServer 的后端存储的是 Git 的时候，默认就是 master

            application:
                name: foobar  #取 foobar-dev.yml 这个文件的 application 名字，即为 foobar 名称
 3、启动 springms-config-server-authc 模块服务，启动1个端口；
 4、启动 springms-config-client-authc 模块服务，启动1个端口；

 5、在浏览器输入地址 http://localhost:8280/profile 正常情况下会输出配置文件的内容（内容为：foobar-dev）；

 总结：正常打印，说明配置服务客户端已经通过帐号、密码登录了远程的配置服务端成功了；
 ****************************************************************************************/

